<?xml version="1.0" encoding="UTF-8"?>
<testng-results ignored="0" total="1" passed="1" failed="0" skipped="0">
  <reporter-output>
  </reporter-output>
  <suite started-at="2023-03-16T03:51:16 IST" name="Suite" finished-at="2023-03-16T03:51:27 IST" duration-ms="11059">
    <groups>
    </groups>
    <test started-at="2023-03-16T03:51:16 IST" name="Test-0" finished-at="2023-03-16T03:51:27 IST" duration-ms="11059">
      <class name="Browserstack.Browserstackdemo">
        <test-method signature="method()[pri:0, instance:Browserstack.Browserstackdemo@3241713e]" started-at="2023-03-16T03:51:16 IST" name="method" finished-at="2023-03-16T03:51:27 IST" duration-ms="11019" status="PASS">
          <reporter-output>
          </reporter-output>
        </test-method> <!-- method -->
      </class> <!-- Browserstack.Browserstackdemo -->
    </test> <!-- Test-0 -->
  </suite> <!-- Suite -->
</testng-results>
