<?xml version="1.0" encoding="UTF-8"?>
<testsuite xmlns:xsi="http://www.w3.org/2001/XMLSchema-instance" xsi:noNamespaceSchemaLocation="https://maven.apache.org/surefire/maven-surefire-plugin/xsd/surefire-test-report-3.0.xsd" version="3.0" name="TestSuite" time="11.91" tests="1" errors="0" skipped="0" failures="0">
  <properties>
[...]
</properties>
  <testcase name="method" classname="Browserstack.Browserstackdemo" time="11.026">
    <system-err><![CDATA[javassist.CannotCompileException: [source error] no such field: addressOfRemoteServer
	at javassist.CtBehavior.a(Unknown Source)
	at javassist.CtBehavior.insertBefore(Unknown Source)
	at com.browserstack.DriverServiceTransformer.transform(Unknown Source)
	at java.instrument/java.lang.instrument.ClassFileTransformer.transform(ClassFileTransformer.java:244)
	at java.instrument/sun.instrument.TransformerManager.transform(TransformerManager.java:188)
	at java.instrument/sun.instrument.InstrumentationImpl.transform(InstrumentationImpl.java:541)
	at java.base/java.lang.ClassLoader.defineClass1(Native Method)
	at java.base/java.lang.ClassLoader.defineClass(ClassLoader.java:1012)
	at java.base/java.security.SecureClassLoader.defineClass(SecureClassLoader.java:150)
	at java.base/jdk.internal.loader.BuiltinClassLoader.defineClass(BuiltinClassLoader.java:862)
	at java.base/jdk.internal.loader.BuiltinClassLoader.findClassOnClassPathOrNull(BuiltinClassLoader.java:760)
	at java.base/jdk.internal.loader.BuiltinClassLoader.loadClassOrNull(BuiltinClassLoader.java:681)
	at java.base/jdk.internal.loader.BuiltinClassLoader.loadClass(BuiltinClassLoader.java:639)
	at java.base/jdk.internal.loader.ClassLoaders$AppClassLoader.loadClass(ClassLoaders.java:188)
	at java.base/java.lang.ClassLoader.loadClass(ClassLoader.java:520)
	at org.openqa.selenium.remote.RemoteWebDriver.<init>(Unknown Source)
	at Browserstack.Browserstackdemo.method(Browserstackdemo.java:32)
	at java.base/jdk.internal.reflect.NativeMethodAccessorImpl.invoke0(Native Method)
	at java.base/jdk.internal.reflect.NativeMethodAccessorImpl.invoke(NativeMethodAccessorImpl.java:77)
	at java.base/jdk.internal.reflect.DelegatingMethodAccessorImpl.invoke(DelegatingMethodAccessorImpl.java:43)
	at java.base/java.lang.reflect.Method.invoke(Method.java:568)
	at org.testng.internal.MethodInvocationHelper.invokeMethod(Unknown Source)
	at org.testng.internal.TestInvoker.a(Unknown Source)
	at org.testng.internal.TestInvoker.invokeTestMethod(Unknown Source)
	at org.testng.internal.MethodRunner.runInSequence(Unknown Source)
	at org.testng.internal.TestInvoker$MethodInvocationAgent.a(Unknown Source)
	at org.testng.internal.TestInvoker.invokeTestMethods(Unknown Source)
	at org.testng.internal.TestMethodWorker.invokeTestMethods(Unknown Source)
	at org.testng.internal.TestMethodWorker.run(Unknown Source)
	at java.base/java.util.ArrayList.forEach(ArrayList.java:1511)
	at org.testng.TestRunner.a(Unknown Source)
	at org.testng.TestRunner.run(Unknown Source)
	at org.testng.SuiteRunner.a(Unknown Source)
	at org.testng.SuiteRunner.a(Unknown Source)
	at org.testng.SuiteRunner$SuiteWorker.run(Unknown Source)
	at org.testng.internal.thread.ThreadUtil.a(Unknown Source)
	at java.base/java.util.concurrent.FutureTask.run(FutureTask.java:264)
	at java.base/java.util.concurrent.ThreadPoolExecutor.runWorker(ThreadPoolExecutor.java:1136)
	at java.base/java.util.concurrent.ThreadPoolExecutor$Worker.run(ThreadPoolExecutor.java:635)
	at java.base/java.lang.Thread.run(Thread.java:833)
Caused by: compile error: no such field: addressOfRemoteServer
	at javassist.compiler.TypeChecker.fieldAccess(Unknown Source)
	at javassist.compiler.TypeChecker.atFieldAssign(Unknown Source)
	at javassist.compiler.JvstTypeChecker.atFieldAssign(Unknown Source)
	at javassist.compiler.TypeChecker.atAssignExpr(Unknown Source)
	at javassist.compiler.ast.AssignExpr.accept(Unknown Source)
	at javassist.compiler.CodeGen.doTypeCheck(Unknown Source)
	at javassist.compiler.CodeGen.atStmnt(Unknown Source)
	at javassist.compiler.ast.Stmnt.accept(Unknown Source)
	at javassist.compiler.Javac.compileStmnt(Unknown Source)
	... 40 more
Mar 16, 2023 3:51:23 AM org.openqa.selenium.remote.ProtocolHandshake createSession
INFO: Detected dialect: W3C
]]></system-err>
  </testcase>
</testsuite>